<?xml version="1.0" encoding="UTF-8"?>
<testsuite xmlns:xsi="http://www.w3.org/2001/XMLSchema-instance" xsi:noNamespaceSchemaLocation="https://maven.apache.org/surefire/maven-surefire-plugin/xsd/surefire-test-report.xsd" version="3.0.2" name="com.example.demo.DemoApplicationTests" time="4.938" tests="1" errors="0" skipped="0" failures="0">
  <properties>
[...]
</properties>
  <testcase name="contextLoads" classname="com.example.demo.DemoApplicationTests" time="0.913">
    <system-out><![CDATA[12:18:03.944 [main] INFO org.springframework.test.context.support.AnnotationConfigContextLoaderUtils -- Could not detect default configuration classes for test class [com.example.demo.DemoApplicationTests]: DemoApplicationTests does not declare any static, non-private, non-final, nested classes annotated with @Configuration.
12:18:04.086 [main] INFO org.springframework.boot.test.context.SpringBootTestContextBootstrapper -- Found @SpringBootConfiguration com.example.demo.DiscordTravelBotApplication for test class com.example.demo.DemoApplicationTests

  .   ____          _            __ _ _
 /\\ / ___'_ __ _ _(_)_ __  __ _ \ \ \ \
( ( )\___ | '_ | '_| | '_ \/ _` | \ \ \ \
 \\/  ___)| |_)| | | | | || (_| |  ) ) ) )
  '  |____| .__|_| |_|_| |_\__, | / / / /
 =========|_|==============|___/=/_/_/_/

 :: Spring Boot ::                (v3.5.6)

2025-10-23T12:18:04.569-03:00  WARN 5764 --- [demo] [           main] ory$DuplicateJsonObjectContextCustomizer : 

Found multiple occurrences of org.json.JSONObject on the class path:

	jar:file:/C:/Users/Sebastian/.m2/repository/org/json/json/20231013/json-20231013.jar!/org/json/JSONObject.class
	jar:file:/C:/Users/Sebastian/.m2/repository/com/vaadin/external/google/android-json/0.0.20131108.vaadin1/android-json-0.0.20131108.vaadin1.jar!/org/json/JSONObject.class

You may wish to exclude one of them to ensure predictable runtime behavior

2025-10-23T12:18:04.600-03:00  INFO 5764 --- [demo] [           main] com.example.demo.DemoApplicationTests    : Starting DemoApplicationTests using Java 21.0.6 with PID 5764 (started by Sebastian in C:\demo)
2025-10-23T12:18:04.600-03:00  INFO 5764 --- [demo] [           main] com.example.demo.DemoApplicationTests    : No active profile set, falling back to 1 default profile: "default"
2025-10-23T12:18:05.522-03:00  WARN 5764 --- [demo] [           main] net.dv8tion.jda.api.JDA                  : Automatically disabled CacheFlags due to missing intents
2025-10-23T12:18:05.522-03:00  WARN 5764 --- [demo] [           main] net.dv8tion.jda.api.JDA                  : Disabled CacheFlag.VOICE_STATE (missing GatewayIntent.GUILD_VOICE_STATES)
2025-10-23T12:18:05.522-03:00  WARN 5764 --- [demo] [           main] net.dv8tion.jda.api.JDA                  : Disabled CacheFlag.EMOJI (missing GatewayIntent.GUILD_EMOJIS_AND_STICKERS)
2025-10-23T12:18:05.522-03:00  WARN 5764 --- [demo] [           main] net.dv8tion.jda.api.JDA                  : Disabled CacheFlag.STICKER (missing GatewayIntent.GUILD_EMOJIS_AND_STICKERS)
2025-10-23T12:18:05.522-03:00  WARN 5764 --- [demo] [           main] net.dv8tion.jda.api.JDA                  : Disabled CacheFlag.SCHEDULED_EVENTS (missing GatewayIntent.SCHEDULED_EVENTS)
2025-10-23T12:18:05.522-03:00  WARN 5764 --- [demo] [           main] net.dv8tion.jda.api.JDA                  : You can manually disable these flags to remove this warning by using disableCache(CacheFlag.VOICE_STATE, CacheFlag.EMOJI, CacheFlag.STICKER, CacheFlag.SCHEDULED_EVENTS) on your JDABuilder
2025-10-23T12:18:06.631-03:00  INFO 5764 --- [demo] [           main] net.dv8tion.jda.api.JDA                  : Login Successful!
2025-10-23T12:18:07.209-03:00  INFO 5764 --- [demo] [inWS-ReadThread] n.d.j.internal.requests.WebSocketClient  : Connected to WebSocket
2025-10-23T12:18:07.616-03:00  INFO 5764 --- [demo] [inWS-ReadThread] net.dv8tion.jda.api.JDA                  : Finished Loading!
✅ Bot iniciado correctamente
2025-10-23T12:18:07.775-03:00  INFO 5764 --- [demo] [           main] com.example.demo.DemoApplicationTests    : Started DemoApplicationTests in 3.516 seconds (process running for 4.681)
]]></system-out>
    <system-err><![CDATA[Mockito is currently self-attaching to enable the inline-mock-maker. This will no longer work in future releases of the JDK. Please add Mockito as an agent to your build as described in Mockito's documentation: https://javadoc.io/doc/org.mockito/mockito-core/latest/org.mockito/org/mockito/Mockito.html#0.3
WARNING: A Java agent has been loaded dynamically (C:\Users\Sebastian\.m2\repository\net\bytebuddy\byte-buddy-agent\1.17.7\byte-buddy-agent-1.17.7.jar)
WARNING: If a serviceability tool is in use, please run with -XX:+EnableDynamicAgentLoading to hide this warning
WARNING: If a serviceability tool is not in use, please run with -Djdk.instrument.traceUsage for more information
WARNING: Dynamic loading of agents will be disallowed by default in a future release
]]></system-err>
  </testcase>
</testsuite>